2026-07-08 15:04:28 | INFO | M02 | === RUN START ===
2026-07-08 15:04:28 | INFO | M02 | project=M02
2026-07-08 15:04:28 | INFO | M02 | repo_dir=ml-02-features
2026-07-08 15:04:28 | INFO | M02 | python=3.14.3
2026-07-08 15:04:28 | INFO | M02 | os=Windows 11
2026-07-08 15:04:28 | INFO | M02 | shell=powershell
2026-07-08 15:04:28 | INFO | M02 | cwd=notebooks
2026-07-08 15:04:28 | INFO | M02 | github_actions=False
2026-07-08 15:04:28 | INFO | M02 | Confirming installation:
2026-07-08 15:04:28 | INFO | M02 |   python:       3.14.3
2026-07-08 15:04:28 | INFO | M02 |   pandas:       3.0.3
2026-07-08 15:04:28 | INFO | M02 |   numpy:        2.5.1
2026-07-08 15:04:28 | INFO | M02 |   scikit-learn: 1.9.0
2026-07-08 15:04:28 | INFO | M02 |   seaborn:      0.13.2
2026-07-08 15:04:28 | INFO | M02 |   matplotlib:   3.11.0
2026-07-08 15:04:28 | INFO | M02 | Loading dataset: penguins
2026-07-08 15:04:28 | INFO | M02 | Loaded: 344 rows (instances), 7 columns
2026-07-08 15:04:28 | INFO | M02 | The intended target is 'body_mass_g'.
2026-07-08 15:04:28 | INFO | M02 | Any feature derived FROM the target would leak the answer. Avoid those.
2026-07-08 15:04:28 | INFO | M02 | Per-column completeness and type:
2026-07-08 15:04:28 | INFO | M02 |   species              str        present=100.0%  missing=0
2026-07-08 15:04:28 | INFO | M02 |   island               str        present=100.0%  missing=0
2026-07-08 15:04:28 | INFO | M02 |   bill_length_mm       float64    present= 99.4%  missing=2
2026-07-08 15:04:28 | INFO | M02 |   bill_depth_mm        float64    present= 99.4%  missing=2
2026-07-08 15:04:28 | INFO | M02 |   flipper_length_mm    float64    present= 99.4%  missing=2
2026-07-08 15:04:28 | INFO | M02 |   body_mass_g          float64    present= 99.4%  missing=2
2026-07-08 15:04:28 | INFO | M02 |   sex                  str        present= 96.8%  missing=11
2026-07-08 15:04:28 | INFO | M02 | Numeric summary (for spread / outliers):
2026-07-08 15:04:28 | DEBUG | M02 | 
       bill_length_mm  bill_depth_mm  flipper_length_mm  body_mass_g
count      342.000000     342.000000         342.000000   342.000000
mean        43.921930      17.151170         200.915205  4201.754386
std          5.459584       1.974793          14.061714   801.954536
min         32.100000      13.100000         172.000000  2700.000000
25%         39.225000      15.600000         190.000000  3550.000000
50%         44.450000      17.300000         197.000000  4050.000000
75%         48.500000      18.700000         213.000000  4750.000000
max         59.600000      21.500000         231.000000  6300.000000
2026-07-08 15:04:28 | INFO | M02 | Constructing features (vectorized, none are derived from the target)
2026-07-08 15:04:28 | INFO | M02 | Added features: ['bill_ratio', 'flipper_cm', 'size_class']
2026-07-08 15:04:28 | DEBUG | M02 | Sample of constructed features:
2026-07-08 15:04:28 | DEBUG | M02 | 
   flipper_length_mm  bill_ratio  flipper_cm size_class
0              181.0    2.090909        18.1      small
1              186.0    2.270115        18.6      small
2              195.0    2.238889        19.5     medium
3                NaN         NaN         NaN        NaN
4              193.0    1.901554        19.3     medium
2026-07-08 15:04:29 | INFO | M02 | ========================
2026-07-08 15:04:29 | INFO | M02 | SUMMARY
2026-07-08 15:04:29 | INFO | M02 | ========================
2026-07-08 15:04:29 | INFO | M02 | Dataset:          penguins
2026-07-08 15:04:29 | INFO | M02 | Original columns: 7
2026-07-08 15:04:29 | INFO | M02 | After features:   10
2026-07-08 15:04:29 | INFO | M02 | Intended target:  body_mass_g
2026-07-08 15:04:29 | INFO | M02 | ========================
2026-07-08 15:07:30 | INFO | ML | === RUN START ===
2026-07-08 15:07:30 | INFO | ML | project=ML
2026-07-08 15:07:30 | INFO | ML | repo_dir=ml-02-features
2026-07-08 15:07:30 | INFO | ML | python=3.14.3
2026-07-08 15:07:30 | INFO | ML | os=Windows 11
2026-07-08 15:07:30 | INFO | ML | shell=powershell
2026-07-08 15:07:30 | INFO | ML | cwd=.
2026-07-08 15:07:30 | INFO | ML | github_actions=False
2026-07-08 15:07:30 | INFO | ML | === RUN START ===
2026-07-08 15:07:30 | INFO | ML | project=ML
2026-07-08 15:07:30 | INFO | ML | repo_dir=ml-02-features
2026-07-08 15:07:30 | INFO | ML | python=3.14.3
2026-07-08 15:07:30 | INFO | ML | os=Windows 11
2026-07-08 15:07:30 | INFO | ML | shell=powershell
2026-07-08 15:07:30 | INFO | ML | cwd=.
2026-07-08 15:07:30 | INFO | ML | github_actions=False
2026-07-08 15:07:30 | INFO | ML | ========================
2026-07-08 15:07:30 | INFO | ML | START main()
2026-07-08 15:07:30 | INFO | ML | ========================
2026-07-08 15:07:30 | INFO | ML | Load dataset..............
2026-07-08 15:07:30 | INFO | ML | Loading dataset: hours_scores_case
2026-07-08 15:07:30 | INFO | ML | Loaded: 10 rows, 6 columns
2026-07-08 15:07:30 | DEBUG | ML | 
   hours_studied  practice_quizzes  attendance_pct  sleep_hours  prior_score  score
0            2.0                 1              72          6.0           58     62
1            3.5                 2              80          6.5           61     68
2            4.0                 3              85          7.0           64     72
3            5.0                 3              88          7.5           66     76
4            6.0                 4              90          7.0           70     81
2026-07-08 15:07:30 | INFO | ML | Inspect dataset...........
2026-07-08 15:07:30 | INFO | ML | Column names
2026-07-08 15:07:30 | DEBUG | ML | ['hours_studied', 'practice_quizzes', 'attendance_pct', 'sleep_hours', 'prior_score', 'score']
2026-07-08 15:07:30 | INFO | ML | DataFrame info
2026-07-08 15:07:30 | INFO | ML | Dataset shape: 10 rows, 6 columns
2026-07-08 15:07:30 | INFO | ML | Check data quality........
2026-07-08 15:07:30 | INFO | ML | Missing values by column
2026-07-08 15:07:30 | DEBUG | ML | 
hours_studied       0
practice_quizzes    0
attendance_pct      0
sleep_hours         0
prior_score         0
score               0
dtype: int64
2026-07-08 15:07:30 | INFO | ML | Duplicate row count: 0
2026-07-08 15:07:30 | INFO | ML | Create clean view.........
2026-07-08 15:07:30 | INFO | ML | Creating clean modeling view
2026-07-08 15:07:30 | INFO | ML | Clean view: 10 rows, 6 columns
2026-07-08 15:07:30 | INFO | ML | Train supervised model....
2026-07-08 15:07:30 | INFO | ML | Training LinearRegression model
2026-07-08 15:07:30 | INFO | ML | Mean absolute error: 0.48
2026-07-08 15:07:30 | INFO | ML | R-squared: 1.00
2026-07-08 15:07:30 | INFO | ML | Predict one case..........
2026-07-08 15:07:30 | INFO | ML | Predicting one new case
2026-07-08 15:07:30 | INFO | ML | New case:
   hours_studied  practice_quizzes  attendance_pct  sleep_hours  prior_score
0            6.5                 4              92          7.0           72
2026-07-08 15:07:30 | INFO | ML | Predicted score: 83.4
2026-07-08 15:07:30 | INFO | ML | Create charts.............
2026-07-08 15:07:30 | INFO | ML | Creating chart: hours studied vs score
2026-07-08 15:07:31 | INFO | ML | Creating chart: model coefficients
2026-07-08 15:07:31 | INFO | ML | Got a figure Figure(900x500) and axes Axes(0.125,0.11;0.775x0.77) from plt.subplots().
2026-07-08 15:07:31 | INFO | ML | Summarize workflow........
2026-07-08 15:07:31 | INFO | ML | ========================
2026-07-08 15:07:31 | INFO | ML | SUMMARY
2026-07-08 15:07:31 | INFO | ML | ========================
2026-07-08 15:07:31 | INFO | ML | Dataset: hours_scores_case
2026-07-08 15:07:31 | INFO | ML | Original rows: 10
2026-07-08 15:07:31 | INFO | ML | Clean rows: 10
2026-07-08 15:07:31 | INFO | ML | Features: ['hours_studied', 'practice_quizzes', 'attendance_pct', 'sleep_hours', 'prior_score']
2026-07-08 15:07:31 | INFO | ML | Target: score
2026-07-08 15:07:31 | INFO | ML | ----- in a script, call plt.show() once at the end to display all charts -----
2026-07-08 15:07:31 | INFO | ML | ----- in a script, CLOSE the chart windows with the close button to CONTINUE -----
2026-07-08 15:07:34 | INFO | ML | Workflow complete
2026-07-08 15:07:34 | INFO | ML | IMPORTANT: This script creates chart windows.
2026-07-08 15:07:34 | INFO | ML | Close chart windows and terminate this process with CTRL+c as needed.
2026-07-08 15:07:34 | INFO | ML | ========================
2026-07-08 15:07:34 | INFO | ML | Executed successfully!
2026-07-08 15:07:34 | INFO | ML | ========================
2026-07-08 15:18:31 | INFO | ML | === RUN START ===
2026-07-08 15:18:31 | INFO | ML | project=ML
2026-07-08 15:18:31 | INFO | ML | repo_dir=ml-02-features
2026-07-08 15:18:31 | INFO | ML | python=3.14.3
2026-07-08 15:18:31 | INFO | ML | os=Windows 11
2026-07-08 15:18:31 | INFO | ML | shell=powershell
2026-07-08 15:18:31 | INFO | ML | cwd=.
2026-07-08 15:18:31 | INFO | ML | github_actions=False
2026-07-09 13:05:21 | INFO | M02 | === RUN START ===
2026-07-09 13:05:21 | INFO | M02 | project=M02
2026-07-09 13:05:21 | INFO | M02 | repo_dir=ml-02-features
2026-07-09 13:05:21 | INFO | M02 | python=3.14.3
2026-07-09 13:05:21 | INFO | M02 | os=Windows 11
2026-07-09 13:05:21 | INFO | M02 | shell=powershell
2026-07-09 13:05:21 | INFO | M02 | cwd=notebooks
2026-07-09 13:05:21 | INFO | M02 | github_actions=False
2026-07-09 13:05:21 | INFO | M02 | Confirming installation:
2026-07-09 13:05:21 | INFO | M02 |   python:       3.14.3
2026-07-09 13:05:21 | INFO | M02 |   pandas:       3.0.3
2026-07-09 13:05:21 | INFO | M02 |   numpy:        2.5.1
2026-07-09 13:05:21 | INFO | M02 |   scikit-learn: 1.9.0
2026-07-09 13:05:21 | INFO | M02 |   seaborn:      0.13.2
2026-07-09 13:05:21 | INFO | M02 |   matplotlib:   3.11.0
2026-07-09 13:05:21 | INFO | M02 | Loading dataset: penguins
2026-07-09 13:05:21 | INFO | M02 | Loaded: 344 rows (instances), 7 columns
2026-07-09 13:05:21 | INFO | M02 | The intended target is 'body_mass_g'.
2026-07-09 13:05:21 | INFO | M02 | Any feature derived FROM the target would leak the answer. Avoid those.
2026-07-09 13:05:21 | INFO | M02 | Per-column completeness and type:
2026-07-09 13:05:21 | INFO | M02 |   species              str        present=100.0%  missing=0
2026-07-09 13:05:21 | INFO | M02 |   island               str        present=100.0%  missing=0
2026-07-09 13:05:21 | INFO | M02 |   bill_length_mm       float64    present= 99.4%  missing=2
2026-07-09 13:05:21 | INFO | M02 |   bill_depth_mm        float64    present= 99.4%  missing=2
2026-07-09 13:05:21 | INFO | M02 |   flipper_length_mm    float64    present= 99.4%  missing=2
2026-07-09 13:05:21 | INFO | M02 |   body_mass_g          float64    present= 99.4%  missing=2
2026-07-09 13:05:21 | INFO | M02 |   sex                  str        present= 96.8%  missing=11
2026-07-09 13:05:21 | INFO | M02 | Numeric summary (for spread / outliers):
2026-07-09 13:05:21 | DEBUG | M02 | 
       bill_length_mm  bill_depth_mm  flipper_length_mm  body_mass_g
count      342.000000     342.000000         342.000000   342.000000
mean        43.921930      17.151170         200.915205  4201.754386
std          5.459584       1.974793          14.061714   801.954536
min         32.100000      13.100000         172.000000  2700.000000
25%         39.225000      15.600000         190.000000  3550.000000
50%         44.450000      17.300000         197.000000  4050.000000
75%         48.500000      18.700000         213.000000  4750.000000
max         59.600000      21.500000         231.000000  6300.000000
2026-07-09 13:05:21 | INFO | M02 | Constructing features (vectorized, none are derived from the target)
2026-07-09 13:05:21 | INFO | M02 | Added features: ['bill_ratio', 'flipper_cm', 'size_class', 'sex_binary']
2026-07-09 13:05:21 | DEBUG | M02 | Sample of constructed features:
2026-07-09 13:05:21 | DEBUG | M02 | 
   flipper_length_mm  bill_ratio  flipper_cm size_class  sex_binary
0              181.0    2.090909        18.1      small         0.0
1              186.0    2.270115        18.6      small         1.0
2              195.0    2.238889        19.5     medium         1.0
3                NaN         NaN         NaN        NaN         NaN
4              193.0    1.901554        19.3     medium         1.0
2026-07-09 13:05:21 | INFO | M02 | ========================
2026-07-09 13:05:21 | INFO | M02 | SUMMARY
2026-07-09 13:05:21 | INFO | M02 | ========================
2026-07-09 13:05:21 | INFO | M02 | Dataset:          penguins
2026-07-09 13:05:21 | INFO | M02 | Original columns: 7
2026-07-09 13:05:21 | INFO | M02 | After features:   11
2026-07-09 13:05:21 | INFO | M02 | Intended target:  body_mass_g
2026-07-09 13:05:21 | INFO | M02 | ========================
2026-07-09 13:12:05 | INFO | M02 | === RUN START ===
2026-07-09 13:12:05 | INFO | M02 | project=M02
2026-07-09 13:12:05 | INFO | M02 | repo_dir=ml-02-features
2026-07-09 13:12:05 | INFO | M02 | python=3.14.3
2026-07-09 13:12:05 | INFO | M02 | os=Windows 11
2026-07-09 13:12:05 | INFO | M02 | shell=powershell
2026-07-09 13:12:05 | INFO | M02 | cwd=notebooks
2026-07-09 13:12:05 | INFO | M02 | github_actions=False
2026-07-09 13:12:05 | INFO | M02 | Confirming installation:
2026-07-09 13:12:05 | INFO | M02 |   python:       3.14.3
2026-07-09 13:12:05 | INFO | M02 |   pandas:       3.0.3
2026-07-09 13:12:05 | INFO | M02 |   numpy:        2.5.1
2026-07-09 13:12:05 | INFO | M02 |   scikit-learn: 1.9.0
2026-07-09 13:12:05 | INFO | M02 |   seaborn:      0.13.2
2026-07-09 13:12:06 | INFO | M02 |   matplotlib:   3.11.0
2026-07-09 13:12:06 | INFO | M02 | Loading dataset: penguins
2026-07-09 13:12:06 | INFO | M02 | Loaded: 344 rows (instances), 7 columns
2026-07-09 13:12:06 | INFO | M02 | The intended target is 'body_mass_g'.
2026-07-09 13:12:06 | INFO | M02 | Any feature derived FROM the target would leak the answer. Avoid those.
2026-07-09 13:12:06 | INFO | M02 | Per-column completeness and type:
2026-07-09 13:12:06 | INFO | M02 |   species              str        present=100.0%  missing=0
2026-07-09 13:12:06 | INFO | M02 |   island               str        present=100.0%  missing=0
2026-07-09 13:12:06 | INFO | M02 |   bill_length_mm       float64    present= 99.4%  missing=2
2026-07-09 13:12:06 | INFO | M02 |   bill_depth_mm        float64    present= 99.4%  missing=2
2026-07-09 13:12:06 | INFO | M02 |   flipper_length_mm    float64    present= 99.4%  missing=2
2026-07-09 13:12:06 | INFO | M02 |   body_mass_g          float64    present= 99.4%  missing=2
2026-07-09 13:12:06 | INFO | M02 |   sex                  str        present= 96.8%  missing=11
2026-07-09 13:12:06 | INFO | M02 | Numeric summary (for spread / outliers):
2026-07-09 13:12:06 | DEBUG | M02 | 
       bill_length_mm  bill_depth_mm  flipper_length_mm  body_mass_g
count      342.000000     342.000000         342.000000   342.000000
mean        43.921930      17.151170         200.915205  4201.754386
std          5.459584       1.974793          14.061714   801.954536
min         32.100000      13.100000         172.000000  2700.000000
25%         39.225000      15.600000         190.000000  3550.000000
50%         44.450000      17.300000         197.000000  4050.000000
75%         48.500000      18.700000         213.000000  4750.000000
max         59.600000      21.500000         231.000000  6300.000000
2026-07-09 13:12:06 | INFO | M02 | Constructing features (vectorized, none are derived from the target)
2026-07-09 13:12:06 | INFO | M02 | Added features: ['bill_ratio', 'flipper_cm', 'size_class', 'sex_binary']
2026-07-09 13:12:06 | DEBUG | M02 | Sample of constructed features:
2026-07-09 13:12:06 | DEBUG | M02 | 
   flipper_length_mm  bill_ratio  flipper_cm size_class  sex_binary
0              181.0    2.090909        18.1      small         0.0
1              186.0    2.270115        18.6      small         1.0
2              195.0    2.238889        19.5     medium         1.0
3                NaN         NaN         NaN        NaN         NaN
4              193.0    1.901554        19.3     medium         1.0
2026-07-09 13:12:06 | INFO | M02 | ========================
2026-07-09 13:12:06 | INFO | M02 | SUMMARY
2026-07-09 13:12:06 | INFO | M02 | ========================
2026-07-09 13:12:06 | INFO | M02 | Dataset:          penguins
2026-07-09 13:12:06 | INFO | M02 | Original columns: 7
2026-07-09 13:12:06 | INFO | M02 | After features:   11
2026-07-09 13:12:06 | INFO | M02 | Intended target:  body_mass_g
2026-07-09 13:12:06 | INFO | M02 | ========================
2026-07-09 14:01:33 | INFO | M02 | === RUN START ===
2026-07-09 14:01:33 | INFO | M02 | project=M02
2026-07-09 14:01:33 | INFO | M02 | repo_dir=ml-02-features
2026-07-09 14:01:33 | INFO | M02 | python=3.14.3
2026-07-09 14:01:33 | INFO | M02 | os=Windows 11
2026-07-09 14:01:33 | INFO | M02 | shell=powershell
2026-07-09 14:01:33 | INFO | M02 | cwd=notebooks
2026-07-09 14:01:33 | INFO | M02 | github_actions=False
2026-07-09 14:01:33 | INFO | M02 | Confirming installation:
2026-07-09 14:01:33 | INFO | M02 |   python:       3.14.3
2026-07-09 14:01:33 | INFO | M02 |   pandas:       3.0.3
2026-07-09 14:01:33 | INFO | M02 |   numpy:        2.5.1
2026-07-09 14:01:33 | INFO | M02 |   scikit-learn: 1.9.0
2026-07-09 14:01:33 | INFO | M02 |   seaborn:      0.13.2
2026-07-09 14:01:33 | INFO | M02 |   matplotlib:   3.11.0
2026-07-09 14:01:33 | INFO | M02 | Loading dataset: penguins
2026-07-09 14:01:33 | INFO | M02 | Loaded: 344 rows (instances), 7 columns
2026-07-09 14:01:33 | INFO | M02 | The intended target is 'body_mass_g'.
2026-07-09 14:01:33 | INFO | M02 | Any feature derived FROM the target would leak the answer. Avoid those.
2026-07-09 14:01:33 | INFO | M02 | Per-column completeness and type:
2026-07-09 14:01:33 | INFO | M02 |   species              str        present=100.0%  missing=0
2026-07-09 14:01:33 | INFO | M02 |   island               str        present=100.0%  missing=0
2026-07-09 14:01:33 | INFO | M02 |   bill_length_mm       float64    present= 99.4%  missing=2
2026-07-09 14:01:33 | INFO | M02 |   bill_depth_mm        float64    present= 99.4%  missing=2
2026-07-09 14:01:33 | INFO | M02 |   flipper_length_mm    float64    present= 99.4%  missing=2
2026-07-09 14:01:33 | INFO | M02 |   body_mass_g          float64    present= 99.4%  missing=2
2026-07-09 14:01:33 | INFO | M02 |   sex                  str        present= 96.8%  missing=11
2026-07-09 14:01:33 | INFO | M02 | Numeric summary (for spread / outliers):
2026-07-09 14:01:33 | DEBUG | M02 | 
       bill_length_mm  bill_depth_mm  flipper_length_mm  body_mass_g
count      342.000000     342.000000         342.000000   342.000000
mean        43.921930      17.151170         200.915205  4201.754386
std          5.459584       1.974793          14.061714   801.954536
min         32.100000      13.100000         172.000000  2700.000000
25%         39.225000      15.600000         190.000000  3550.000000
50%         44.450000      17.300000         197.000000  4050.000000
75%         48.500000      18.700000         213.000000  4750.000000
max         59.600000      21.500000         231.000000  6300.000000
2026-07-09 14:01:33 | INFO | M02 | Constructing features (vectorized, none are derived from the target)
2026-07-09 14:01:33 | INFO | M02 | Added features: ['bill_ratio', 'flipper_cm', 'size_class', 'sex_binary']
2026-07-09 14:01:33 | DEBUG | M02 | Sample of constructed features:
2026-07-09 14:01:33 | DEBUG | M02 | 
   flipper_length_mm  bill_ratio  flipper_cm size_class  sex_binary
0              181.0    2.090909        18.1      small         0.0
1              186.0    2.270115        18.6      small         1.0
2              195.0    2.238889        19.5     medium         1.0
3                NaN         NaN         NaN        NaN         NaN
4              193.0    1.901554        19.3     medium         1.0
2026-07-09 14:01:34 | INFO | M02 | ========================
2026-07-09 14:01:34 | INFO | M02 | SUMMARY
2026-07-09 14:01:34 | INFO | M02 | ========================
2026-07-09 14:01:34 | INFO | M02 | Dataset:          penguins
2026-07-09 14:01:34 | INFO | M02 | Original columns: 7
2026-07-09 14:01:34 | INFO | M02 | After features:   11
2026-07-09 14:01:34 | INFO | M02 | Intended target:  body_mass_g
2026-07-09 14:01:34 | INFO | M02 | ========================
2026-07-09 14:02:18 | INFO | M02 | === RUN START ===
2026-07-09 14:02:18 | INFO | M02 | project=M02
2026-07-09 14:02:18 | INFO | M02 | repo_dir=ml-02-features
2026-07-09 14:02:18 | INFO | M02 | python=3.14.3
2026-07-09 14:02:18 | INFO | M02 | os=Windows 11
2026-07-09 14:02:18 | INFO | M02 | shell=powershell
2026-07-09 14:02:18 | INFO | M02 | cwd=notebooks
2026-07-09 14:02:18 | INFO | M02 | github_actions=False
2026-07-09 14:02:18 | INFO | M02 | Confirming installation:
2026-07-09 14:02:18 | INFO | M02 |   python:       3.14.3
2026-07-09 14:02:18 | INFO | M02 |   pandas:       3.0.3
2026-07-09 14:02:18 | INFO | M02 |   numpy:        2.5.1
2026-07-09 14:02:18 | INFO | M02 |   scikit-learn: 1.9.0
2026-07-09 14:02:18 | INFO | M02 |   seaborn:      0.13.2
2026-07-09 14:02:18 | INFO | M02 |   matplotlib:   3.11.0
2026-07-09 14:02:18 | INFO | M02 | Loading dataset: penguins
2026-07-09 14:02:18 | INFO | M02 | Loaded: 344 rows (instances), 7 columns
2026-07-09 14:02:18 | INFO | M02 | The intended target is 'body_mass_g'.
2026-07-09 14:02:18 | INFO | M02 | Any feature derived FROM the target would leak the answer. Avoid those.
2026-07-09 14:02:18 | INFO | M02 | Per-column completeness and type:
2026-07-09 14:02:18 | INFO | M02 |   species              str        present=100.0%  missing=0
2026-07-09 14:02:18 | INFO | M02 |   island               str        present=100.0%  missing=0
2026-07-09 14:02:18 | INFO | M02 |   bill_length_mm       float64    present= 99.4%  missing=2
2026-07-09 14:02:18 | INFO | M02 |   bill_depth_mm        float64    present= 99.4%  missing=2
2026-07-09 14:02:18 | INFO | M02 |   flipper_length_mm    float64    present= 99.4%  missing=2
2026-07-09 14:02:18 | INFO | M02 |   body_mass_g          float64    present= 99.4%  missing=2
2026-07-09 14:02:18 | INFO | M02 |   sex                  str        present= 96.8%  missing=11
2026-07-09 14:02:18 | INFO | M02 | Numeric summary (for spread / outliers):
2026-07-09 14:02:18 | DEBUG | M02 | 
       bill_length_mm  bill_depth_mm  flipper_length_mm  body_mass_g
count      342.000000     342.000000         342.000000   342.000000
mean        43.921930      17.151170         200.915205  4201.754386
std          5.459584       1.974793          14.061714   801.954536
min         32.100000      13.100000         172.000000  2700.000000
25%         39.225000      15.600000         190.000000  3550.000000
50%         44.450000      17.300000         197.000000  4050.000000
75%         48.500000      18.700000         213.000000  4750.000000
max         59.600000      21.500000         231.000000  6300.000000
2026-07-09 14:02:18 | INFO | M02 | Constructing features (vectorized, none are derived from the target)
2026-07-09 14:02:18 | INFO | M02 | Added features: ['bill_ratio', 'flipper_cm', 'size_class']
2026-07-09 14:02:18 | DEBUG | M02 | Sample of constructed features:
2026-07-09 14:02:18 | DEBUG | M02 | 
   flipper_length_mm  bill_ratio  flipper_cm size_class
0              181.0    2.090909        18.1      small
1              186.0    2.270115        18.6      small
2              195.0    2.238889        19.5     medium
3                NaN         NaN         NaN        NaN
4              193.0    1.901554        19.3     medium
2026-07-09 14:02:18 | INFO | M02 | ========================
2026-07-09 14:02:18 | INFO | M02 | SUMMARY
2026-07-09 14:02:18 | INFO | M02 | ========================
2026-07-09 14:02:18 | INFO | M02 | Dataset:          penguins
2026-07-09 14:02:18 | INFO | M02 | Original columns: 7
2026-07-09 14:02:18 | INFO | M02 | After features:   10
2026-07-09 14:02:18 | INFO | M02 | Intended target:  body_mass_g
2026-07-09 14:02:18 | INFO | M02 | ========================
2026-07-09 14:31:47 | INFO | M01 | === RUN START ===
2026-07-09 14:31:47 | INFO | M01 | project=M01
2026-07-09 14:31:47 | INFO | M01 | repo_dir=ml-02-features
2026-07-09 14:31:47 | INFO | M01 | python=3.14.3
2026-07-09 14:31:47 | INFO | M01 | os=Windows 11
2026-07-09 14:31:47 | INFO | M01 | shell=powershell
2026-07-09 14:31:47 | INFO | M01 | cwd=notebooks
2026-07-09 14:31:47 | INFO | M01 | github_actions=False
2026-07-09 14:31:47 | INFO | M01 | Confirming installation:
2026-07-09 14:31:47 | INFO | M01 |   python:       3.14.3
2026-07-09 14:31:47 | INFO | M01 |   pandas:       3.0.3
2026-07-09 14:31:47 | INFO | M01 |   numpy:        2.5.1
2026-07-09 14:31:47 | INFO | M01 |   scikit-learn: 1.9.0
2026-07-09 14:31:47 | INFO | M01 |   seaborn:      0.13.2
2026-07-09 14:31:47 | INFO | M01 |   matplotlib:   3.11.0
2026-07-09 14:31:47 | INFO | M01 | Built-in Seaborn datasets: ['anagrams', 'anscombe', 'attention', 'brain_networks', 'car_crashes', 'diamonds', 'dots', 'dowjones', 'exercise', 'flights', 'fmri', 'geyser', 'glue', 'healthexp', 'iris', 'mpg', 'penguins', 'planets', 'seaice', 'taxis', 'tips', 'titanic']
2026-07-09 14:31:47 | INFO | M01 | Loading dataset: titanic
2026-07-09 14:31:47 | INFO | M01 | Loaded: 891 rows (instances), 15 columns
2026-07-09 14:31:47 | INFO | M01 | Instances (rows): 891
2026-07-09 14:31:47 | INFO | M01 | Columns:          15
2026-07-09 14:31:47 | INFO | M01 | Numeric columns (regression target / numeric feature): ['survived', 'pclass', 'age', 'sibsp', 'parch', 'fare']
2026-07-09 14:31:47 | INFO | M01 | Categorical columns (classification target / category): ['sex', 'embarked', 'class', 'who', 'adult_male', 'deck', 'embark_town', 'alive', 'alone']
2026-07-09 14:31:47 | INFO | M01 | Missing values by column:
survived         0
pclass           0
sex              0
age            177
sibsp            0
parch            0
fare             0
embarked         2
class            0
who              0
adult_male       0
deck           688
embark_town      2
alive            0
alone            0
dtype: int64
2026-07-09 14:31:47 | INFO | M01 | Missing values across all columns: 869
2026-07-09 14:31:47 | DEBUG | M01 | First rows:
2026-07-09 14:31:47 | DEBUG | M01 | 
   survived  pclass     sex   age  sibsp  parch     fare embarked  class    who  adult_male deck  embark_town alive  \
0         0       3    male  22.0      1      0   7.2500        S  Third    man        True  NaN  Southampton    no   
1         1       1  female  38.0      1      0  71.2833        C  First  woman       False    C    Cherbourg   yes   
2         1       3  female  26.0      0      0   7.9250        S  Third  woman       False  NaN  Southampton   yes   
3         1       1  female  35.0      1      0  53.1000        S  First  woman       False    C  Southampton   yes   
4         0       3    male  35.0      0      0   8.0500        S  Third    man        True  NaN  Southampton    no   

   alone  
0  False  
1  False  
2   True  
3  False  
4   True  
2026-07-09 14:31:47 | INFO | M01 | Chosen target (y): survived
2026-07-09 14:31:47 | INFO | M01 | Target is numeric? True
2026-07-09 14:31:47 | INFO | M01 | Implied problem type: regression (we want to predict a number)
2026-07-09 14:31:47 | INFO | M01 | Candidate features (X): ['pclass', 'sex', 'age', 'sibsp', 'parch', 'fare', 'embarked', 'class', 'who', 'adult_male', 'deck', 'embark_town', 'alive', 'alone']
2026-07-09 14:31:47 | INFO | M01 | ========================
2026-07-09 14:31:47 | INFO | M01 | SUMMARY OF KEY FACTS
2026-07-09 14:31:47 | INFO | M01 | ========================
2026-07-09 14:31:47 | INFO | M01 | Dataset:           titanic
2026-07-09 14:31:47 | INFO | M01 | Instances:         891
2026-07-09 14:31:47 | INFO | M01 | Candidate target:  survived
2026-07-09 14:31:47 | INFO | M01 | Problem type:      regression (we want to predict a number)
2026-07-09 14:31:47 | INFO | M01 | Candidate features: ['pclass', 'sex', 'age', 'sibsp', 'parch', 'fare', 'embarked', 'class', 'who', 'adult_male', 'deck', 'embark_town', 'alive', 'alone']
2026-07-09 14:31:47 | INFO | M01 | ========================
2026-07-09 14:32:45 | INFO | M01 | === RUN START ===
2026-07-09 14:32:45 | INFO | M01 | project=M01
2026-07-09 14:32:45 | INFO | M01 | repo_dir=ml-02-features
2026-07-09 14:32:45 | INFO | M01 | python=3.14.3
2026-07-09 14:32:45 | INFO | M01 | os=Windows 11
2026-07-09 14:32:45 | INFO | M01 | shell=powershell
2026-07-09 14:32:45 | INFO | M01 | cwd=notebooks
2026-07-09 14:32:45 | INFO | M01 | github_actions=False
2026-07-09 14:32:45 | INFO | M01 | Confirming installation:
2026-07-09 14:32:45 | INFO | M01 |   python:       3.14.3
2026-07-09 14:32:45 | INFO | M01 |   pandas:       3.0.3
2026-07-09 14:32:45 | INFO | M01 |   numpy:        2.5.1
2026-07-09 14:32:45 | INFO | M01 |   scikit-learn: 1.9.0
2026-07-09 14:32:45 | INFO | M01 |   seaborn:      0.13.2
2026-07-09 14:32:45 | INFO | M01 |   matplotlib:   3.11.0
2026-07-09 14:32:45 | INFO | M01 | Loading dataset: titanic
2026-07-09 14:32:45 | INFO | M01 | Loaded: 891 rows (instances), 15 columns
2026-07-09 14:32:45 | INFO | M01 | Instances (rows): 891
2026-07-09 14:32:45 | INFO | M01 | Columns:          15
2026-07-09 14:32:45 | INFO | M01 | Numeric columns (regression target / numeric feature): ['survived', 'pclass', 'age', 'sibsp', 'parch', 'fare']
2026-07-09 14:32:45 | INFO | M01 | Categorical columns (classification target / category): ['sex', 'embarked', 'class', 'who', 'adult_male', 'deck', 'embark_town', 'alive', 'alone']
2026-07-09 14:32:45 | INFO | M01 | Missing values by column:
survived         0
pclass           0
sex              0
age            177
sibsp            0
parch            0
fare             0
embarked         2
class            0
who              0
adult_male       0
deck           688
embark_town      2
alive            0
alone            0
dtype: int64
2026-07-09 14:32:45 | INFO | M01 | Missing values across all columns: 869
2026-07-09 14:32:45 | DEBUG | M01 | First rows:
2026-07-09 14:32:45 | DEBUG | M01 | 
   survived  pclass     sex   age  sibsp  parch     fare embarked  class    who  adult_male deck  embark_town alive  \
0         0       3    male  22.0      1      0   7.2500        S  Third    man        True  NaN  Southampton    no   
1         1       1  female  38.0      1      0  71.2833        C  First  woman       False    C    Cherbourg   yes   
2         1       3  female  26.0      0      0   7.9250        S  Third  woman       False  NaN  Southampton   yes   
3         1       1  female  35.0      1      0  53.1000        S  First  woman       False    C  Southampton   yes   
4         0       3    male  35.0      0      0   8.0500        S  Third    man        True  NaN  Southampton    no   

   alone  
0  False  
1  False  
2   True  
3  False  
4   True  
2026-07-09 14:32:45 | INFO | M01 | Chosen target (y): survived
2026-07-09 14:32:45 | INFO | M01 | Target is numeric? True
2026-07-09 14:32:45 | INFO | M01 | Implied problem type: regression (we want to predict a number)
2026-07-09 14:32:45 | INFO | M01 | Candidate features (X): ['pclass', 'sex', 'age', 'sibsp', 'parch', 'fare', 'embarked', 'class', 'who', 'adult_male', 'deck', 'embark_town', 'alive', 'alone']
2026-07-09 14:32:46 | INFO | M01 | ========================
2026-07-09 14:32:46 | INFO | M01 | SUMMARY OF KEY FACTS
2026-07-09 14:32:46 | INFO | M01 | ========================
2026-07-09 14:32:46 | INFO | M01 | Dataset:           titanic
2026-07-09 14:32:46 | INFO | M01 | Instances:         891
2026-07-09 14:32:46 | INFO | M01 | Candidate target:  survived
2026-07-09 14:32:46 | INFO | M01 | Problem type:      regression (we want to predict a number)
2026-07-09 14:32:46 | INFO | M01 | Candidate features: ['pclass', 'sex', 'age', 'sibsp', 'parch', 'fare', 'embarked', 'class', 'who', 'adult_male', 'deck', 'embark_town', 'alive', 'alone']
2026-07-09 14:32:46 | INFO | M01 | ========================
2026-07-09 14:33:23 | INFO | M01 | === RUN START ===
2026-07-09 14:33:23 | INFO | M01 | project=M01
2026-07-09 14:33:23 | INFO | M01 | repo_dir=ml-02-features
2026-07-09 14:33:23 | INFO | M01 | python=3.14.3
2026-07-09 14:33:23 | INFO | M01 | os=Windows 11
2026-07-09 14:33:23 | INFO | M01 | shell=powershell
2026-07-09 14:33:23 | INFO | M01 | cwd=notebooks
2026-07-09 14:33:23 | INFO | M01 | github_actions=False
2026-07-09 14:33:23 | INFO | M01 | Confirming installation:
2026-07-09 14:33:23 | INFO | M01 |   python:       3.14.3
2026-07-09 14:33:23 | INFO | M01 |   pandas:       3.0.3
2026-07-09 14:33:23 | INFO | M01 |   numpy:        2.5.1
2026-07-09 14:33:23 | INFO | M01 |   scikit-learn: 1.9.0
2026-07-09 14:33:23 | INFO | M01 |   seaborn:      0.13.2
2026-07-09 14:33:23 | INFO | M01 |   matplotlib:   3.11.0
2026-07-09 14:33:23 | INFO | M01 | Loading dataset: titanic
2026-07-09 14:33:23 | INFO | M01 | Loaded: 891 rows (instances), 15 columns (features)
2026-07-09 14:33:23 | INFO | M01 | Instances (rows): 891
2026-07-09 14:33:23 | INFO | M01 | Columns:          15
2026-07-09 14:33:23 | INFO | M01 | Numeric columns (regression target / numeric feature): ['survived', 'pclass', 'age', 'sibsp', 'parch', 'fare']
2026-07-09 14:33:23 | INFO | M01 | Categorical columns (classification target / category): ['sex', 'embarked', 'class', 'who', 'adult_male', 'deck', 'embark_town', 'alive', 'alone']
2026-07-09 14:33:23 | INFO | M01 | Missing values by column:
survived         0
pclass           0
sex              0
age            177
sibsp            0
parch            0
fare             0
embarked         2
class            0
who              0
adult_male       0
deck           688
embark_town      2
alive            0
alone            0
dtype: int64
2026-07-09 14:33:23 | INFO | M01 | Missing values across all columns: 869
2026-07-09 14:33:23 | DEBUG | M01 | First rows:
2026-07-09 14:33:23 | DEBUG | M01 | 
   survived  pclass     sex   age  sibsp  parch     fare embarked  class    who  adult_male deck  embark_town alive  \
0         0       3    male  22.0      1      0   7.2500        S  Third    man        True  NaN  Southampton    no   
1         1       1  female  38.0      1      0  71.2833        C  First  woman       False    C    Cherbourg   yes   
2         1       3  female  26.0      0      0   7.9250        S  Third  woman       False  NaN  Southampton   yes   
3         1       1  female  35.0      1      0  53.1000        S  First  woman       False    C  Southampton   yes   
4         0       3    male  35.0      0      0   8.0500        S  Third    man        True  NaN  Southampton    no   

   alone  
0  False  
1  False  
2   True  
3  False  
4   True  
2026-07-09 14:33:23 | INFO | M01 | Chosen target (y): survived
2026-07-09 14:33:23 | INFO | M01 | Target is numeric? True
2026-07-09 14:33:23 | INFO | M01 | Implied problem type: regression (we want to predict a number)
2026-07-09 14:33:23 | INFO | M01 | Candidate features (X): ['pclass', 'sex', 'age', 'sibsp', 'parch', 'fare', 'embarked', 'class', 'who', 'adult_male', 'deck', 'embark_town', 'alive', 'alone']
2026-07-09 14:33:23 | INFO | M01 | ========================
2026-07-09 14:33:23 | INFO | M01 | SUMMARY OF KEY FACTS
2026-07-09 14:33:23 | INFO | M01 | ========================
2026-07-09 14:33:23 | INFO | M01 | Dataset:           titanic
2026-07-09 14:33:23 | INFO | M01 | Instances:         891
2026-07-09 14:33:23 | INFO | M01 | Candidate target:  survived
2026-07-09 14:33:23 | INFO | M01 | Problem type:      regression (we want to predict a number)
2026-07-09 14:33:23 | INFO | M01 | Candidate features: ['pclass', 'sex', 'age', 'sibsp', 'parch', 'fare', 'embarked', 'class', 'who', 'adult_male', 'deck', 'embark_town', 'alive', 'alone']
2026-07-09 14:33:23 | INFO | M01 | ========================
2026-07-09 14:37:49 | INFO | M01 | === RUN START ===
2026-07-09 14:37:49 | INFO | M01 | project=M01
2026-07-09 14:37:49 | INFO | M01 | repo_dir=ml-02-features
2026-07-09 14:37:49 | INFO | M01 | python=3.14.3
2026-07-09 14:37:49 | INFO | M01 | os=Windows 11
2026-07-09 14:37:49 | INFO | M01 | shell=powershell
2026-07-09 14:37:49 | INFO | M01 | cwd=notebooks
2026-07-09 14:37:49 | INFO | M01 | github_actions=False
2026-07-09 14:37:49 | INFO | M01 | Confirming installation:
2026-07-09 14:37:49 | INFO | M01 |   python:       3.14.3
2026-07-09 14:37:49 | INFO | M01 |   pandas:       3.0.3
2026-07-09 14:37:49 | INFO | M01 |   numpy:        2.5.1
2026-07-09 14:37:49 | INFO | M01 |   scikit-learn: 1.9.0
2026-07-09 14:37:49 | INFO | M01 |   seaborn:      0.13.2
2026-07-09 14:37:49 | INFO | M01 |   matplotlib:   3.11.0
2026-07-09 14:37:49 | INFO | M01 | Loading dataset: titanic
2026-07-09 14:37:49 | INFO | M01 | Loaded: 891 rows (instances), 15 columns (features)
2026-07-09 14:37:49 | INFO | M01 | Instances (rows): 891
2026-07-09 14:37:49 | INFO | M01 | Columns:          15
2026-07-09 14:37:49 | INFO | M01 | Numeric columns (regression target / numeric feature): ['survived', 'pclass', 'age', 'sibsp', 'parch', 'fare']
2026-07-09 14:37:49 | INFO | M01 | Categorical columns (classification target / category): ['sex', 'embarked', 'class', 'who', 'adult_male', 'deck', 'embark_town', 'alive', 'alone']
2026-07-09 14:37:49 | INFO | M01 | Missing values by column:
survived         0
pclass           0
sex              0
age            177
sibsp            0
parch            0
fare             0
embarked         2
class            0
who              0
adult_male       0
deck           688
embark_town      2
alive            0
alone            0
dtype: int64
2026-07-09 14:37:49 | INFO | M01 | Missing values across all columns: 869
2026-07-09 14:37:49 | DEBUG | M01 | First rows:
2026-07-09 14:37:49 | DEBUG | M01 | 
   survived  pclass     sex   age  sibsp  parch     fare embarked  class    who  adult_male deck  embark_town alive  \
0         0       3    male  22.0      1      0   7.2500        S  Third    man        True  NaN  Southampton    no   
1         1       1  female  38.0      1      0  71.2833        C  First  woman       False    C    Cherbourg   yes   
2         1       3  female  26.0      0      0   7.9250        S  Third  woman       False  NaN  Southampton   yes   
3         1       1  female  35.0      1      0  53.1000        S  First  woman       False    C  Southampton   yes   
4         0       3    male  35.0      0      0   8.0500        S  Third    man        True  NaN  Southampton    no   

   alone  
0  False  
1  False  
2   True  
3  False  
4   True  
2026-07-09 14:37:49 | INFO | M01 | Chosen target (y): survived
2026-07-09 14:37:49 | INFO | M01 | Target is numeric? True
2026-07-09 14:37:49 | INFO | M01 | Implied problem type: regression (we want to predict a number)
2026-07-09 14:37:49 | INFO | M01 | Candidate features (X): ['pclass', 'sex', 'age', 'sibsp', 'parch', 'fare', 'embarked', 'class', 'who', 'adult_male', 'deck', 'embark_town', 'alive', 'alone']
2026-07-09 14:37:49 | INFO | M01 | ========================
2026-07-09 14:37:49 | INFO | M01 | SUMMARY OF KEY FACTS
2026-07-09 14:37:49 | INFO | M01 | ========================
2026-07-09 14:37:49 | INFO | M01 | Dataset:           titanic
2026-07-09 14:37:49 | INFO | M01 | Instances:         891
2026-07-09 14:37:49 | INFO | M01 | Candidate target:  survived
2026-07-09 14:37:49 | INFO | M01 | Problem type:      regression (we want to predict a number)
2026-07-09 14:37:49 | INFO | M01 | Candidate features: ['pclass', 'sex', 'age', 'sibsp', 'parch', 'fare', 'embarked', 'class', 'who', 'adult_male', 'deck', 'embark_town', 'alive', 'alone']
2026-07-09 14:37:49 | INFO | M01 | ========================
2026-07-14 08:32:45 | INFO | M01 | Loading dataset: titanic
2026-07-14 08:32:45 | INFO | M01 | Loaded: 891 rows (instances), 15 columns (features)
2026-07-14 08:35:21 | INFO | M01 | Loading dataset: titanic
2026-07-14 08:35:21 | INFO | M01 | Loaded: 891 rows (instances), 15 columns (features)
2026-07-14 08:36:06 | INFO | M01 | Loading dataset: titanic
2026-07-14 08:36:06 | INFO | M01 | Loaded: 891 rows (instances), 15 columns (features)
2026-07-14 08:36:23 | INFO | M01 | Loading dataset: titanic
2026-07-14 08:36:23 | INFO | M01 | Loaded: 891 rows (instances), 15 columns (features)
2026-07-14 08:39:05 | INFO | M01 | === RUN START ===
2026-07-14 08:39:05 | INFO | M01 | project=M01
2026-07-14 08:39:05 | INFO | M01 | repo_dir=ml-02-features
2026-07-14 08:39:05 | INFO | M01 | python=3.14.3
2026-07-14 08:39:05 | INFO | M01 | os=Windows 11
2026-07-14 08:39:05 | INFO | M01 | shell=powershell
2026-07-14 08:39:05 | INFO | M01 | cwd=notebooks
2026-07-14 08:39:05 | INFO | M01 | github_actions=False
2026-07-14 08:39:05 | INFO | M01 | Confirming installation:
2026-07-14 08:39:05 | INFO | M01 |   python:       3.14.3
2026-07-14 08:39:05 | INFO | M01 |   pandas:       3.0.3
2026-07-14 08:39:05 | INFO | M01 |   numpy:        2.5.1
2026-07-14 08:39:05 | INFO | M01 |   scikit-learn: 1.9.0
2026-07-14 08:39:05 | INFO | M01 |   seaborn:      0.13.2
2026-07-14 08:39:05 | INFO | M01 |   matplotlib:   3.11.0
2026-07-14 08:39:05 | INFO | M01 | Loaded dataset titanic
2026-07-14 08:39:43 | INFO | M01 | Loading dataset: titanic
2026-07-14 08:39:43 | INFO | M01 | Loaded: 891 rows (instances), 15 columns (features)
2026-07-14 08:43:04 | INFO | M01 | Instances (rows): 891
2026-07-14 08:43:04 | INFO | M01 | Columns:          15
2026-07-14 08:43:04 | INFO | M01 | Numeric columns (regression target / numeric feature): ['survived', 'pclass', 'age', 'sibsp', 'parch', 'fare']
2026-07-14 08:43:04 | INFO | M01 | Categorical columns (classification target / category): ['sex', 'embarked', 'class', 'who', 'adult_male', 'deck', 'embark_town', 'alive', 'alone']
2026-07-14 08:43:04 | INFO | M01 | Missing values by column:
survived         0
pclass           0
sex              0
age            177
sibsp            0
parch            0
fare             0
embarked         2
class            0
who              0
adult_male       0
deck           688
embark_town      2
alive            0
alone            0
dtype: int64
2026-07-14 08:43:04 | INFO | M01 | Missing values across all columns: 869
2026-07-14 08:43:04 | DEBUG | M01 | First rows:
2026-07-14 08:43:04 | DEBUG | M01 | 
   survived  pclass     sex   age  sibsp  parch     fare embarked  class    who  adult_male deck  embark_town alive  \
0         0       3    male  22.0      1      0   7.2500        S  Third    man        True  NaN  Southampton    no   
1         1       1  female  38.0      1      0  71.2833        C  First  woman       False    C    Cherbourg   yes   
2         1       3  female  26.0      0      0   7.9250        S  Third  woman       False  NaN  Southampton   yes   
3         1       1  female  35.0      1      0  53.1000        S  First  woman       False    C  Southampton   yes   
4         0       3    male  35.0      0      0   8.0500        S  Third    man        True  NaN  Southampton    no   

   alone  
0  False  
1  False  
2   True  
3  False  
4   True  
2026-07-14 08:44:26 | INFO | M01 | Instances (rows): 891
2026-07-14 08:44:26 | INFO | M01 | Features (columns):          15
2026-07-14 08:44:26 | INFO | M01 | Numeric columns (regression target / numeric feature): ['survived', 'pclass', 'age', 'sibsp', 'parch', 'fare']
2026-07-14 08:44:26 | INFO | M01 | Categorical columns (classification target / category): ['sex', 'embarked', 'class', 'who', 'adult_male', 'deck', 'embark_town', 'alive', 'alone']
2026-07-14 08:44:26 | INFO | M01 | Missing values by column:
survived         0
pclass           0
sex              0
age            177
sibsp            0
parch            0
fare             0
embarked         2
class            0
who              0
adult_male       0
deck           688
embark_town      2
alive            0
alone            0
dtype: int64
2026-07-14 08:44:26 | INFO | M01 | Missing values across all columns: 869
2026-07-14 08:44:26 | DEBUG | M01 | First rows:
2026-07-14 08:44:26 | DEBUG | M01 | 
   survived  pclass     sex   age  sibsp  parch     fare embarked  class    who  adult_male deck  embark_town alive  \
0         0       3    male  22.0      1      0   7.2500        S  Third    man        True  NaN  Southampton    no   
1         1       1  female  38.0      1      0  71.2833        C  First  woman       False    C    Cherbourg   yes   
2         1       3  female  26.0      0      0   7.9250        S  Third  woman       False  NaN  Southampton   yes   
3         1       1  female  35.0      1      0  53.1000        S  First  woman       False    C  Southampton   yes   
4         0       3    male  35.0      0      0   8.0500        S  Third    man        True  NaN  Southampton    no   

   alone  
0  False  
1  False  
2   True  
3  False  
4   True  
2026-07-14 08:44:35 | INFO | M01 | Instances (rows): 891
2026-07-14 08:44:35 | INFO | M01 | Features (columns): 15
2026-07-14 08:44:35 | INFO | M01 | Numeric columns (regression target / numeric feature): ['survived', 'pclass', 'age', 'sibsp', 'parch', 'fare']
2026-07-14 08:44:35 | INFO | M01 | Categorical columns (classification target / category): ['sex', 'embarked', 'class', 'who', 'adult_male', 'deck', 'embark_town', 'alive', 'alone']
2026-07-14 08:44:35 | INFO | M01 | Missing values by column:
survived         0
pclass           0
sex              0
age            177
sibsp            0
parch            0
fare             0
embarked         2
class            0
who              0
adult_male       0
deck           688
embark_town      2
alive            0
alone            0
dtype: int64
2026-07-14 08:44:35 | INFO | M01 | Missing values across all columns: 869
2026-07-14 08:44:35 | DEBUG | M01 | First rows:
2026-07-14 08:44:35 | DEBUG | M01 | 
   survived  pclass     sex   age  sibsp  parch     fare embarked  class    who  adult_male deck  embark_town alive  \
0         0       3    male  22.0      1      0   7.2500        S  Third    man        True  NaN  Southampton    no   
1         1       1  female  38.0      1      0  71.2833        C  First  woman       False    C    Cherbourg   yes   
2         1       3  female  26.0      0      0   7.9250        S  Third  woman       False  NaN  Southampton   yes   
3         1       1  female  35.0      1      0  53.1000        S  First  woman       False    C  Southampton   yes   
4         0       3    male  35.0      0      0   8.0500        S  Third    man        True  NaN  Southampton    no   

   alone  
0  False  
1  False  
2   True  
3  False  
4   True  
2026-07-14 08:47:00 | INFO | M01 | Instances (rows): 891
2026-07-14 08:47:00 | INFO | M01 | Features (columns): 15
2026-07-14 08:47:00 | INFO | M01 | Numeric columns (regression target / numeric feature): ['survived', 'pclass', 'age', 'sibsp', 'parch', 'fare']
2026-07-14 08:47:00 | INFO | M01 | Categorical columns (classification target / category): ['sex', 'embarked', 'class', 'who', 'adult_male', 'deck', 'embark_town', 'alive', 'alone']
2026-07-14 08:47:00 | INFO | M01 | Missing values by column:
survived         0
pclass           0
sex              0
age            177
sibsp            0
parch            0
fare             0
embarked         2
class            0
who              0
adult_male       0
deck           688
embark_town      2
alive            0
alone            0
dtype: int64
2026-07-14 08:47:00 | INFO | M01 | Missing values across all columns: 869
2026-07-14 08:47:00 | DEBUG | M01 | 
   survived  pclass     sex   age  sibsp  parch     fare embarked  class    who  adult_male deck  embark_town alive  \
0         0       3    male  22.0      1      0   7.2500        S  Third    man        True  NaN  Southampton    no   
1         1       1  female  38.0      1      0  71.2833        C  First  woman       False    C    Cherbourg   yes   
2         1       3  female  26.0      0      0   7.9250        S  Third  woman       False  NaN  Southampton   yes   
3         1       1  female  35.0      1      0  53.1000        S  First  woman       False    C  Southampton   yes   
4         0       3    male  35.0      0      0   8.0500        S  Third    man        True  NaN  Southampton    no   

   alone  
0  False  
1  False  
2   True  
3  False  
4   True  
2026-07-14 08:49:32 | INFO | M01 | Instances (rows): 891
2026-07-14 08:49:32 | INFO | M01 | Features (columns): 15
2026-07-14 08:49:32 | INFO | M01 | Numeric columns (regression target / numeric feature): ['survived', 'pclass', 'age', 'sibsp', 'parch', 'fare']
2026-07-14 08:49:32 | INFO | M01 | Categorical columns (classification target / category): ['sex', 'embarked', 'class', 'who', 'adult_male', 'deck', 'embark_town', 'alive', 'alone']
2026-07-14 08:49:32 | INFO | M01 | Missing values by column:
survived         0
pclass           0
sex              0
age            177
sibsp            0
parch            0
fare             0
embarked         2
class            0
who              0
adult_male       0
deck           688
embark_town      2
alive            0
alone            0
dtype: int64
2026-07-14 08:49:32 | INFO | M01 | Missing values across all columns: 869
2026-07-14 08:49:32 | DEBUG | M01 | 
   survived  pclass     sex   age  sibsp  parch     fare embarked   class    who  adult_male deck  embark_town alive  \
0         0       3    male  22.0      1      0   7.2500        S   Third    man        True  NaN  Southampton    no   
1         1       1  female  38.0      1      0  71.2833        C   First  woman       False    C    Cherbourg   yes   
2         1       3  female  26.0      0      0   7.9250        S   Third  woman       False  NaN  Southampton   yes   
3         1       1  female  35.0      1      0  53.1000        S   First  woman       False    C  Southampton   yes   
4         0       3    male  35.0      0      0   8.0500        S   Third    man        True  NaN  Southampton    no   
5         0       3    male   NaN      0      0   8.4583        Q   Third    man        True  NaN   Queenstown    no   
6         0       1    male  54.0      0      0  51.8625        S   First    man        True    E  Southampton    no   
7         0       3    male   2.0      3      1  21.0750        S   Third  child       False  NaN  Southampton    no   
8         1       3  female  27.0      0      2  11.1333        S   Third  woman       False  NaN  Southampton   yes   
9         1       2  female  14.0      1      0  30.0708        C  Second  child       False  NaN    Cherbourg   yes   

   alone  
0  False  
1  False  
2   True  
3  False  
4   True  
5   True  
6   True  
7  False  
8  False  
9  False  
2026-07-14 08:51:11 | INFO | M01 | Instances (rows): 891
2026-07-14 08:51:11 | INFO | M01 | Features (columns): 15
2026-07-14 08:51:11 | INFO | M01 | Numeric columns (regression target / numeric feature): ['survived', 'pclass', 'age', 'sibsp', 'parch', 'fare']
2026-07-14 08:51:11 | INFO | M01 | Categorical columns (classification target / category): ['sex', 'embarked', 'class', 'who', 'adult_male', 'deck', 'embark_town', 'alive', 'alone']
2026-07-14 08:51:11 | INFO | M01 | Missing values by column:
survived         0
pclass           0
sex              0
age            177
sibsp            0
parch            0
fare             0
embarked         2
class            0
who              0
adult_male       0
deck           688
embark_town      2
alive            0
alone            0
dtype: int64
2026-07-14 08:51:11 | INFO | M01 | Missing values across all columns: 869
2026-07-14 08:51:11 | DEBUG | M01 | 
   survived  pclass     sex   age  sibsp  parch     fare embarked  class    who  adult_male deck  embark_town alive  \
0         0       3    male  22.0      1      0   7.2500        S  Third    man        True  NaN  Southampton    no   
1         1       1  female  38.0      1      0  71.2833        C  First  woman       False    C    Cherbourg   yes   
2         1       3  female  26.0      0      0   7.9250        S  Third  woman       False  NaN  Southampton   yes   
3         1       1  female  35.0      1      0  53.1000        S  First  woman       False    C  Southampton   yes   
4         0       3    male  35.0      0      0   8.0500        S  Third    man        True  NaN  Southampton    no   

   alone  
0  False  
1  False  
2   True  
3  False  
4   True  
2026-07-14 09:19:18 | INFO | M01 | Chosen target (y): survived
2026-07-14 09:19:18 | INFO | M01 | Target is numeric? True
2026-07-14 09:19:18 | INFO | M01 | Implied problem type: regression (we want to predict a number)
2026-07-14 09:19:18 | INFO | M01 | Candidate features (X): ['pclass', 'sex', 'age', 'sibsp', 'parch', 'fare', 'embarked', 'class', 'who', 'adult_male', 'deck', 'embark_town', 'alive', 'alone']
2026-07-14 09:19:18 | INFO | M01 | ========================
2026-07-14 09:19:18 | INFO | M01 | SUMMARY OF KEY FACTS
2026-07-14 09:19:18 | INFO | M01 | ========================
2026-07-14 09:19:18 | INFO | M01 | Dataset:           titanic
2026-07-14 09:19:18 | INFO | M01 | Instances:         891
2026-07-14 09:19:18 | INFO | M01 | Candidate target:  survived
2026-07-14 09:19:18 | INFO | M01 | Problem type:      regression (we want to predict a number)
2026-07-14 09:19:18 | INFO | M01 | Candidate features: ['pclass', 'sex', 'age', 'sibsp', 'parch', 'fare', 'embarked', 'class', 'who', 'adult_male', 'deck', 'embark_town', 'alive', 'alone']
2026-07-14 09:19:18 | INFO | M01 | ========================
2026-07-14 09:34:18 | INFO | M01 | === RUN START ===
2026-07-14 09:34:18 | INFO | M01 | project=M01
2026-07-14 09:34:18 | INFO | M01 | repo_dir=ml-02-features
2026-07-14 09:34:18 | INFO | M01 | python=3.14.3
2026-07-14 09:34:18 | INFO | M01 | os=Windows 11
2026-07-14 09:34:18 | INFO | M01 | shell=powershell
2026-07-14 09:34:18 | INFO | M01 | cwd=notebooks
2026-07-14 09:34:18 | INFO | M01 | github_actions=False
2026-07-14 09:34:18 | INFO | M01 | Confirming installation:
2026-07-14 09:34:18 | INFO | M01 |   python:       3.14.3
2026-07-14 09:34:18 | INFO | M01 |   pandas:       3.0.3
2026-07-14 09:34:18 | INFO | M01 |   numpy:        2.5.1
2026-07-14 09:34:18 | INFO | M01 |   scikit-learn: 1.9.0
2026-07-14 09:34:18 | INFO | M01 |   seaborn:      0.13.2
2026-07-14 09:34:18 | INFO | M01 |   matplotlib:   3.11.0
2026-07-14 09:34:18 | INFO | M01 | Loaded dataset titanic
2026-07-14 09:35:16 | INFO | M01 | === RUN START ===
2026-07-14 09:35:16 | INFO | M01 | project=M01
2026-07-14 09:35:16 | INFO | M01 | repo_dir=ml-02-features
2026-07-14 09:35:16 | INFO | M01 | python=3.14.3
2026-07-14 09:35:16 | INFO | M01 | os=Windows 11
2026-07-14 09:35:16 | INFO | M01 | shell=powershell
2026-07-14 09:35:16 | INFO | M01 | cwd=notebooks
2026-07-14 09:35:16 | INFO | M01 | github_actions=False
2026-07-14 09:35:16 | INFO | M01 | Confirming installation:
2026-07-14 09:35:16 | INFO | M01 |   python:       3.14.3
2026-07-14 09:35:16 | INFO | M01 |   pandas:       3.0.3
2026-07-14 09:35:16 | INFO | M01 |   numpy:        2.5.1
2026-07-14 09:35:16 | INFO | M01 |   scikit-learn: 1.9.0
2026-07-14 09:35:16 | INFO | M01 |   seaborn:      0.13.2
2026-07-14 09:35:16 | INFO | M01 |   matplotlib:   3.11.0
2026-07-14 09:35:16 | INFO | M01 | Loaded dataset titanic
2026-07-14 09:35:55 | INFO | M01 | === RUN START ===
2026-07-14 09:35:55 | INFO | M01 | project=M01
2026-07-14 09:35:55 | INFO | M01 | repo_dir=ml-02-features
2026-07-14 09:35:55 | INFO | M01 | python=3.14.3
2026-07-14 09:35:55 | INFO | M01 | os=Windows 11
2026-07-14 09:35:55 | INFO | M01 | shell=powershell
2026-07-14 09:35:55 | INFO | M01 | cwd=notebooks
2026-07-14 09:35:55 | INFO | M01 | github_actions=False
2026-07-14 09:35:55 | INFO | M01 | Confirming installation:
2026-07-14 09:35:55 | INFO | M01 |   python:       3.14.3
2026-07-14 09:35:55 | INFO | M01 |   pandas:       3.0.3
2026-07-14 09:35:55 | INFO | M01 |   numpy:        2.5.1
2026-07-14 09:35:55 | INFO | M01 |   scikit-learn: 1.9.0
2026-07-14 09:35:55 | INFO | M01 |   seaborn:      0.13.2
2026-07-14 09:35:55 | INFO | M01 |   matplotlib:   3.11.0
2026-07-14 09:35:55 | INFO | M01 | Loaded dataset titanic
2026-07-14 09:35:55 | INFO | M01 | Loading dataset: titanic
2026-07-14 09:35:55 | INFO | M01 | Loaded: 891 rows (instances), 15 columns (features)
2026-07-14 09:35:56 | INFO | M01 | Instances (rows): 891
2026-07-14 09:35:56 | INFO | M01 | Features (columns): 15
2026-07-14 09:35:56 | INFO | M01 | Numeric columns (regression target / numeric feature): ['survived', 'pclass', 'age', 'sibsp', 'parch', 'fare']
2026-07-14 09:35:56 | INFO | M01 | Categorical columns (classification target / category): ['sex', 'embarked', 'class', 'who', 'adult_male', 'deck', 'embark_town', 'alive', 'alone']
2026-07-14 09:35:56 | INFO | M01 | Missing values by column:
survived         0
pclass           0
sex              0
age            177
sibsp            0
parch            0
fare             0
embarked         2
class            0
who              0
adult_male       0
deck           688
embark_town      2
alive            0
alone            0
dtype: int64
2026-07-14 09:35:56 | INFO | M01 | Missing values across all columns: 869
2026-07-14 09:35:56 | DEBUG | M01 | 
   survived  pclass     sex   age  sibsp  parch     fare embarked  class    who  adult_male deck  embark_town alive  \
0         0       3    male  22.0      1      0   7.2500        S  Third    man        True  NaN  Southampton    no   
1         1       1  female  38.0      1      0  71.2833        C  First  woman       False    C    Cherbourg   yes   
2         1       3  female  26.0      0      0   7.9250        S  Third  woman       False  NaN  Southampton   yes   
3         1       1  female  35.0      1      0  53.1000        S  First  woman       False    C  Southampton   yes   
4         0       3    male  35.0      0      0   8.0500        S  Third    man        True  NaN  Southampton    no   

   alone  
0  False  
1  False  
2   True  
3  False  
4   True  
2026-07-14 09:35:57 | INFO | M01 | ========================
2026-07-14 09:35:57 | INFO | M01 | SUMMARY OF KEY FACTS
2026-07-14 09:35:57 | INFO | M01 | ========================
2026-07-14 09:35:57 | INFO | M01 | Dataset:           titanic
2026-07-14 09:35:57 | INFO | M01 | Instances:         891
2026-07-14 09:35:57 | INFO | M01 | Candidate target:  survived
2026-07-14 09:35:57 | INFO | M01 | Problem type:      regression (we want to predict a number)
2026-07-14 09:35:57 | INFO | M01 | Candidate features: ['pclass', 'sex', 'age', 'sibsp', 'parch', 'fare', 'embarked', 'class', 'who', 'adult_male', 'deck', 'embark_town', 'alive', 'alone']
2026-07-14 09:35:57 | INFO | M01 | ========================
2026-07-14 10:04:56 | INFO | M01 | Median age substituted in for missing values
2026-07-14 10:09:34 | INFO | M01 | Median age substituted in for missing values
2026-07-14 10:13:08 | INFO | M01 | Missing values for town embarked from (embark_town feature) filled with most popular, Southampton
2026-07-14 10:16:04 | INFO | M01 | Missing values for town embarked from but in 'embar' feature filled with most popular, S
2026-07-14 10:16:39 | INFO | M01 | Missing values by column:
survived         0
pclass           0
sex              0
age            177
sibsp            0
parch            0
fare             0
embarked         2
class            0
who              0
adult_male       0
deck           688
embark_town      2
alive            0
alone            0
dtype: int64
2026-07-14 10:23:03 | INFO | M01 | Median age substituted in for missing values
2026-07-14 10:23:03 | INFO | M01 | Number of missing values in column:0
2026-07-14 10:26:03 | INFO | M01 | Missing towns were filled with the most popular, Southampton
2026-07-14 10:26:03 | INFO | M01 | Number of missing values in column:0
2026-07-14 10:28:01 | INFO | M01 | Missing towns were filled with the most popular, S for Southampton
2026-07-14 10:28:01 | INFO | M01 | Number of missing values in column:0
2026-07-14 10:28:27 | INFO | M01 | Missing values by column:
survived         0
pclass           0
sex              0
age            177
sibsp            0
parch            0
fare             0
embarked         2
class            0
who              0
adult_male       0
deck           688
embark_town      2
alive            0
alone            0
dtype: int64
2026-07-14 10:28:42 | INFO | M01 | Missing values by column:
survived         0
pclass           0
sex              0
age            177
sibsp            0
parch            0
fare             0
embarked         2
class            0
who              0
adult_male       0
deck           688
embark_town      2
alive            0
alone            0
dtype: int64
2026-07-14 10:30:26 | INFO | M01 | Missing values by column:
survived         0
pclass           0
sex              0
age            177
sibsp            0
parch            0
fare             0
embarked         2
class            0
who              0
adult_male       0
deck           688
embark_town      2
alive            0
alone            0
dtype: int64
2026-07-14 10:33:27 | INFO | M01 | === RUN START ===
2026-07-14 10:33:27 | INFO | M01 | project=M01
2026-07-14 10:33:27 | INFO | M01 | repo_dir=ml-02-features
2026-07-14 10:33:27 | INFO | M01 | python=3.14.3
2026-07-14 10:33:27 | INFO | M01 | os=Windows 11
2026-07-14 10:33:27 | INFO | M01 | shell=powershell
2026-07-14 10:33:27 | INFO | M01 | cwd=notebooks
2026-07-14 10:33:27 | INFO | M01 | github_actions=False
2026-07-14 10:33:27 | INFO | M01 | Confirming installation:
2026-07-14 10:33:27 | INFO | M01 |   python:       3.14.3
2026-07-14 10:33:27 | INFO | M01 |   pandas:       3.0.3
2026-07-14 10:33:27 | INFO | M01 |   numpy:        2.5.1
2026-07-14 10:33:27 | INFO | M01 |   scikit-learn: 1.9.0
2026-07-14 10:33:27 | INFO | M01 |   seaborn:      0.13.2
2026-07-14 10:33:27 | INFO | M01 |   matplotlib:   3.11.0
2026-07-14 10:33:27 | INFO | M01 | Loaded dataset titanic
2026-07-14 10:33:27 | INFO | M01 | Loading dataset: titanic
2026-07-14 10:33:27 | INFO | M01 | Loaded: 891 rows (instances), 15 columns (features)
2026-07-14 10:33:27 | INFO | M01 | Instances (rows): 891
2026-07-14 10:33:27 | INFO | M01 | Features (columns): 15
2026-07-14 10:33:27 | INFO | M01 | Numeric columns (regression target / numeric feature): ['survived', 'pclass', 'age', 'sibsp', 'parch', 'fare']
2026-07-14 10:33:27 | INFO | M01 | Categorical columns (classification target / category): ['sex', 'embarked', 'class', 'who', 'adult_male', 'deck', 'embark_town', 'alive', 'alone']
2026-07-14 10:33:27 | INFO | M01 | Missing values by column:
survived         0
pclass           0
sex              0
age            177
sibsp            0
parch            0
fare             0
embarked         2
class            0
who              0
adult_male       0
deck           688
embark_town      2
alive            0
alone            0
dtype: int64
2026-07-14 10:33:27 | INFO | M01 | Missing values across all columns: 869
2026-07-14 10:33:27 | DEBUG | M01 | 
   survived  pclass     sex   age  sibsp  parch     fare embarked  class    who  adult_male deck  embark_town alive  \
0         0       3    male  22.0      1      0   7.2500        S  Third    man        True  NaN  Southampton    no   
1         1       1  female  38.0      1      0  71.2833        C  First  woman       False    C    Cherbourg   yes   
2         1       3  female  26.0      0      0   7.9250        S  Third  woman       False  NaN  Southampton   yes   
3         1       1  female  35.0      1      0  53.1000        S  First  woman       False    C  Southampton   yes   
4         0       3    male  35.0      0      0   8.0500        S  Third    man        True  NaN  Southampton    no   

   alone  
0  False  
1  False  
2   True  
3  False  
4   True  
2026-07-14 10:33:29 | INFO | M01 | Median age substituted in for missing values
2026-07-14 10:33:29 | INFO | M01 | Number of missing values in column:0
2026-07-14 10:33:29 | INFO | M01 | Missing towns were filled with the most popular, Southampton
2026-07-14 10:33:29 | INFO | M01 | Number of missing values in column:0
2026-07-14 10:33:29 | INFO | M01 | Missing towns were filled with the most popular, S for Southampton
2026-07-14 10:33:29 | INFO | M01 | Number of missing values in column:0
2026-07-14 10:33:29 | INFO | M01 | Missing values by column:
survived         0
pclass           0
sex              0
age            177
sibsp            0
parch            0
fare             0
embarked         2
class            0
who              0
adult_male       0
deck           688
embark_town      2
alive            0
alone            0
dtype: int64
2026-07-14 10:33:29 | INFO | M01 | ========================
2026-07-14 10:33:29 | INFO | M01 | SUMMARY OF KEY FACTS
2026-07-14 10:33:29 | INFO | M01 | ========================
2026-07-14 10:33:29 | INFO | M01 | Dataset:           titanic
2026-07-14 10:33:29 | INFO | M01 | Instances:         891
2026-07-14 10:33:29 | INFO | M01 | Candidate target:  survived
2026-07-14 10:33:29 | INFO | M01 | Problem type:      regression (we want to predict a number)
2026-07-14 10:33:29 | INFO | M01 | Candidate features: ['pclass', 'sex', 'age', 'sibsp', 'parch', 'fare', 'embarked', 'class', 'who', 'adult_male', 'deck', 'embark_town', 'alive', 'alone']
2026-07-14 10:33:29 | INFO | M01 | ========================
2026-07-14 10:38:46 | INFO | M01 | Loading dataset: titanic
2026-07-14 10:38:46 | INFO | M01 | Loaded: 891 rows (instances), 15 columns (features)
2026-07-14 10:42:53 | INFO | M01 | === RUN START ===
2026-07-14 10:42:53 | INFO | M01 | project=M01
2026-07-14 10:42:53 | INFO | M01 | repo_dir=ml-02-features
2026-07-14 10:42:53 | INFO | M01 | python=3.14.3
2026-07-14 10:42:53 | INFO | M01 | os=Windows 11
2026-07-14 10:42:53 | INFO | M01 | shell=powershell
2026-07-14 10:42:53 | INFO | M01 | cwd=notebooks
2026-07-14 10:42:53 | INFO | M01 | github_actions=False
2026-07-14 10:42:53 | INFO | M01 | Confirming installation:
2026-07-14 10:42:53 | INFO | M01 |   python:       3.14.3
2026-07-14 10:42:53 | INFO | M01 |   pandas:       3.0.3
2026-07-14 10:42:53 | INFO | M01 |   numpy:        2.5.1
2026-07-14 10:42:53 | INFO | M01 |   scikit-learn: 1.9.0
2026-07-14 10:42:53 | INFO | M01 |   seaborn:      0.13.2
2026-07-14 10:42:53 | INFO | M01 |   matplotlib:   3.11.0
2026-07-14 10:42:53 | INFO | M01 | Loaded dataset titanic
2026-07-14 10:42:53 | INFO | M01 | Loading dataset: titanic
2026-07-14 10:42:53 | INFO | M01 | Loaded: 891 rows (instances), 15 columns (features)
2026-07-14 10:42:53 | INFO | M01 | Instances (rows): 891
2026-07-14 10:42:53 | INFO | M01 | Features (columns): 15
2026-07-14 10:42:53 | INFO | M01 | Numeric columns (regression target / numeric feature): ['survived', 'pclass', 'age', 'sibsp', 'parch', 'fare']
2026-07-14 10:42:53 | INFO | M01 | Categorical columns (classification target / category): ['sex', 'embarked', 'class', 'who', 'adult_male', 'deck', 'embark_town', 'alive', 'alone']
2026-07-14 10:42:53 | INFO | M01 | Missing values by column:
survived         0
pclass           0
sex              0
age            177
sibsp            0
parch            0
fare             0
embarked         2
class            0
who              0
adult_male       0
deck           688
embark_town      2
alive            0
alone            0
dtype: int64
2026-07-14 10:42:53 | INFO | M01 | Missing values across all columns: 869
2026-07-14 10:42:53 | DEBUG | M01 |    survived  pclass     sex   age  sibsp  parch     fare embarked  class    who  adult_male deck  embark_town alive  \
0         0       3    male  22.0      1      0   7.2500        S  Third    man        True  NaN  Southampton    no   
1         1       1  female  38.0      1      0  71.2833        C  First  woman       False    C    Cherbourg   yes   
2         1       3  female  26.0      0      0   7.9250        S  Third  woman       False  NaN  Southampton   yes   
3         1       1  female  35.0      1      0  53.1000        S  First  woman       False    C  Southampton   yes   
4         0       3    male  35.0      0      0   8.0500        S  Third    man        True  NaN  Southampton    no   

   alone  
0  False  
1  False  
2   True  
3  False  
4   True  
2026-07-14 10:42:55 | INFO | M01 | Median age substituted in for missing values
2026-07-14 10:42:55 | INFO | M01 | Number of missing values in column:0
2026-07-14 10:42:55 | INFO | M01 | Missing towns were filled with the most popular, Southampton
2026-07-14 10:42:55 | INFO | M01 | Number of missing values in column:0
2026-07-14 10:42:55 | INFO | M01 | Missing towns were filled with the most popular, S for Southampton
2026-07-14 10:42:55 | INFO | M01 | Number of missing values in column:0
2026-07-14 10:42:55 | INFO | M01 | Missing values by column:
survived         0
pclass           0
sex              0
age              0
sibsp            0
parch            0
fare             0
embarked         0
class            0
who              0
adult_male       0
deck           688
embark_town      0
alive            0
alone            0
dtype: int64
2026-07-14 10:42:55 | INFO | M01 | ========================
2026-07-14 10:42:55 | INFO | M01 | SUMMARY OF KEY FACTS
2026-07-14 10:42:55 | INFO | M01 | ========================
2026-07-14 10:42:55 | INFO | M01 | Dataset:           titanic
2026-07-14 10:42:55 | INFO | M01 | Instances:         891
2026-07-14 10:42:55 | INFO | M01 | Candidate target:  survived
2026-07-14 10:42:55 | INFO | M01 | Problem type:      regression (we want to predict a number)
2026-07-14 10:42:55 | INFO | M01 | Candidate features: ['pclass', 'sex', 'age', 'sibsp', 'parch', 'fare', 'embarked', 'class', 'who', 'adult_male', 'deck', 'embark_town', 'alive', 'alone']
2026-07-14 10:42:55 | INFO | M01 | ========================
2026-07-16 09:26:50 | INFO | M01 | === RUN START ===
2026-07-16 09:26:50 | INFO | M01 | project=M01
2026-07-16 09:26:50 | INFO | M01 | repo_dir=ml-02-features
2026-07-16 09:26:50 | INFO | M01 | python=3.14.3
2026-07-16 09:26:50 | INFO | M01 | os=Windows 11
2026-07-16 09:26:50 | INFO | M01 | shell=powershell
2026-07-16 09:26:50 | INFO | M01 | cwd=notebooks
2026-07-16 09:26:50 | INFO | M01 | github_actions=False
2026-07-16 09:26:50 | INFO | M01 | Confirming installation:
2026-07-16 09:26:50 | INFO | M01 |   python:       3.14.3
2026-07-16 09:26:50 | INFO | M01 |   pandas:       3.0.3
2026-07-16 09:26:50 | INFO | M01 |   numpy:        2.5.1
2026-07-16 09:26:50 | INFO | M01 |   scikit-learn: 1.9.0
2026-07-16 09:26:50 | INFO | M01 |   seaborn:      0.13.2
2026-07-16 09:26:50 | INFO | M01 |   matplotlib:   3.11.0
2026-07-16 09:26:50 | INFO | M01 | Loaded dataset titanic
2026-07-16 09:26:50 | INFO | M01 | Loading dataset: titanic
2026-07-16 09:26:50 | INFO | M01 | Loaded: 891 rows (instances), 15 columns (features)
2026-07-16 09:26:50 | INFO | M01 | Instances (rows): 891
2026-07-16 09:26:50 | INFO | M01 | Features (columns): 15
2026-07-16 09:26:50 | INFO | M01 | Numeric columns (regression target / numeric feature): ['survived', 'pclass', 'age', 'sibsp', 'parch', 'fare']
2026-07-16 09:26:50 | INFO | M01 | Categorical columns (classification target / category): ['sex', 'embarked', 'class', 'who', 'adult_male', 'deck', 'embark_town', 'alive', 'alone']
2026-07-16 09:26:50 | INFO | M01 | Missing values by column:
survived         0
pclass           0
sex              0
age            177
sibsp            0
parch            0
fare             0
embarked         2
class            0
who              0
adult_male       0
deck           688
embark_town      2
alive            0
alone            0
dtype: int64
2026-07-16 09:26:50 | INFO | M01 | Missing values across all columns: 869
2026-07-16 09:26:50 | DEBUG | M01 |    survived  pclass     sex   age  sibsp  parch     fare embarked  class    who  adult_male deck  embark_town alive  \
0         0       3    male  22.0      1      0   7.2500        S  Third    man        True  NaN  Southampton    no   
1         1       1  female  38.0      1      0  71.2833        C  First  woman       False    C    Cherbourg   yes   
2         1       3  female  26.0      0      0   7.9250        S  Third  woman       False  NaN  Southampton   yes   
3         1       1  female  35.0      1      0  53.1000        S  First  woman       False    C  Southampton   yes   
4         0       3    male  35.0      0      0   8.0500        S  Third    man        True  NaN  Southampton    no   

   alone  
0  False  
1  False  
2   True  
3  False  
4   True  
2026-07-16 09:26:52 | INFO | M01 | Median age substituted in for missing values
2026-07-16 09:26:52 | INFO | M01 | Number of missing values in column:0
2026-07-16 09:26:52 | INFO | M01 | Missing towns were filled with the most popular, Southampton
2026-07-16 09:26:52 | INFO | M01 | Number of missing values in column:0
2026-07-16 09:26:52 | INFO | M01 | Missing towns were filled with the most popular, S for Southampton
2026-07-16 09:26:52 | INFO | M01 | Number of missing values in column:0
2026-07-16 09:26:52 | INFO | M01 | Missing values by column:
survived         0
pclass           0
sex              0
age              0
sibsp            0
parch            0
fare             0
embarked         0
class            0
who              0
adult_male       0
deck           688
embark_town      0
alive            0
alone            0
dtype: int64
2026-07-16 09:26:52 | INFO | M01 | ========================
2026-07-16 09:26:52 | INFO | M01 | SUMMARY OF KEY FACTS
2026-07-16 09:26:52 | INFO | M01 | ========================
2026-07-16 09:26:52 | INFO | M01 | Dataset:           titanic
2026-07-16 09:26:52 | INFO | M01 | Instances:         891
2026-07-16 09:26:52 | INFO | M01 | Candidate target:  survived
2026-07-16 09:26:52 | INFO | M01 | Problem type:      regression (we want to predict a number)
2026-07-16 09:26:53 | INFO | M01 | Candidate features: ['pclass', 'sex', 'age', 'sibsp', 'parch', 'fare', 'embarked', 'class', 'who', 'adult_male', 'deck', 'embark_town', 'alive', 'alone']
2026-07-16 09:26:53 | INFO | M01 | ========================
2026-07-16 09:39:14 | INFO | M01 | === RUN START ===
2026-07-16 09:39:14 | INFO | M01 | project=M01
2026-07-16 09:39:14 | INFO | M01 | repo_dir=ml-02-features
2026-07-16 09:39:14 | INFO | M01 | python=3.14.3
2026-07-16 09:39:14 | INFO | M01 | os=Windows 11
2026-07-16 09:39:14 | INFO | M01 | shell=powershell
2026-07-16 09:39:14 | INFO | M01 | cwd=notebooks
2026-07-16 09:39:14 | INFO | M01 | github_actions=False
2026-07-16 09:39:14 | INFO | M01 | Confirming installation:
2026-07-16 09:39:14 | INFO | M01 |   python:       3.14.3
2026-07-16 09:39:14 | INFO | M01 |   pandas:       3.0.3
2026-07-16 09:39:14 | INFO | M01 |   numpy:        2.5.1
2026-07-16 09:39:14 | INFO | M01 |   scikit-learn: 1.9.0
2026-07-16 09:39:14 | INFO | M01 |   seaborn:      0.13.2
2026-07-16 09:39:14 | INFO | M01 |   matplotlib:   3.11.0
2026-07-16 09:39:14 | INFO | M01 | Loaded dataset titanic
2026-07-16 09:39:14 | INFO | M01 | Loading dataset: titanic
2026-07-16 09:39:14 | INFO | M01 | Loaded: 891 rows (instances), 15 columns (features)
2026-07-16 09:39:14 | INFO | M01 | Instances (rows): 891
2026-07-16 09:39:14 | INFO | M01 | Features (columns): 15
2026-07-16 09:39:14 | INFO | M01 | Numeric columns (regression target / numeric feature): ['survived', 'pclass', 'age', 'sibsp', 'parch', 'fare']
2026-07-16 09:39:14 | INFO | M01 | Categorical columns (classification target / category): ['sex', 'embarked', 'class', 'who', 'adult_male', 'deck', 'embark_town', 'alive', 'alone']
2026-07-16 09:39:14 | INFO | M01 | Missing values by column:
survived         0
pclass           0
sex              0
age            177
sibsp            0
parch            0
fare             0
embarked         2
class            0
who              0
adult_male       0
deck           688
embark_town      2
alive            0
alone            0
dtype: int64
2026-07-16 09:39:14 | INFO | M01 | Missing values across all columns: 869
2026-07-16 09:39:14 | DEBUG | M01 |    survived  pclass     sex   age  sibsp  parch     fare embarked  class    who  adult_male deck  embark_town alive  \
0         0       3    male  22.0      1      0   7.2500        S  Third    man        True  NaN  Southampton    no   
1         1       1  female  38.0      1      0  71.2833        C  First  woman       False    C    Cherbourg   yes   
2         1       3  female  26.0      0      0   7.9250        S  Third  woman       False  NaN  Southampton   yes   
3         1       1  female  35.0      1      0  53.1000        S  First  woman       False    C  Southampton   yes   
4         0       3    male  35.0      0      0   8.0500        S  Third    man        True  NaN  Southampton    no   

   alone  
0  False  
1  False  
2   True  
3  False  
4   True  
2026-07-16 09:39:16 | INFO | M01 | Median age substituted in for missing values
2026-07-16 09:39:16 | INFO | M01 | Number of missing values in column:0
2026-07-16 09:39:16 | INFO | M01 | Missing towns were filled with the most popular, Southampton
2026-07-16 09:39:16 | INFO | M01 | Number of missing values in column:0
2026-07-16 09:39:16 | INFO | M01 | Missing towns were filled with the most popular, S for Southampton
2026-07-16 09:39:16 | INFO | M01 | Number of missing values in column:0
2026-07-16 09:39:16 | INFO | M01 | Missing values by column:
survived         0
pclass           0
sex              0
age              0
sibsp            0
parch            0
fare             0
embarked         0
class            0
who              0
adult_male       0
deck           688
embark_town      0
alive            0
alone            0
dtype: int64
2026-07-16 09:39:16 | INFO | M01 | ========================
2026-07-16 09:39:16 | INFO | M01 | SUMMARY OF KEY FACTS
2026-07-16 09:39:16 | INFO | M01 | ========================
2026-07-16 09:39:16 | INFO | M01 | Dataset:           titanic
2026-07-16 09:39:16 | INFO | M01 | Instances:         891
2026-07-16 09:39:16 | INFO | M01 | Candidate target:  survived
2026-07-16 09:39:16 | INFO | M01 | Problem type:      regression (we want to predict a number)
2026-07-16 09:39:16 | INFO | M01 | Candidate features: ['pclass', 'sex', 'age', 'sibsp', 'parch', 'fare', 'embarked', 'class', 'who', 'adult_male', 'deck', 'embark_town', 'alive', 'alone']
2026-07-16 09:39:16 | INFO | M01 | ========================
2026-07-16 09:39:41 | INFO | M01 | ========================
2026-07-16 09:39:41 | INFO | M01 | SUMMARY OF KEY FACTS
2026-07-16 09:39:41 | INFO | M01 | ========================
2026-07-16 09:39:41 | INFO | M01 | Dataset:           titanic
2026-07-16 09:39:41 | INFO | M01 | Instances:         891
2026-07-16 09:39:41 | INFO | M01 | Candidate target:  survived
2026-07-16 09:39:41 | INFO | M01 | Problem type:      regression (we want to predict a number)
2026-07-16 09:39:41 | INFO | M01 | Candidate features: ['pclass', 'sex', 'age', 'sibsp', 'parch', 'fare', 'embarked', 'class', 'who', 'adult_male', 'deck', 'embark_town', 'alive', 'alone']
2026-07-16 09:39:41 | INFO | M01 | ========================
2026-07-16 09:40:38 | INFO | M01 | ========================
2026-07-16 09:40:38 | INFO | M01 | SUMMARY OF KEY FACTS
2026-07-16 09:40:38 | INFO | M01 | ========================
2026-07-16 09:40:38 | INFO | M01 | Dataset:           titanic
2026-07-16 09:40:38 | INFO | M01 | Instances:         891
2026-07-16 09:40:38 | INFO | M01 | Candidate target:  survived
2026-07-16 09:40:38 | INFO | M01 | Problem type:      regression (we want to predict a number)
2026-07-16 09:40:38 | INFO | M01 | Candidate features: ['pclass', 'sex', 'age', 'sibsp', 'parch', 'fare', 'embarked', 'class', 'who', 'adult_male', 'deck', 'embark_town', 'alive', 'alone']
2026-07-16 09:40:38 | INFO | M01 | ========================
2026-07-16 10:11:30 | INFO | M01 | ========================
2026-07-16 10:11:30 | INFO | M01 | SUMMARY OF KEY FACTS
2026-07-16 10:11:30 | INFO | M01 | ========================
2026-07-16 10:11:30 | INFO | M01 | Dataset:           titanic
2026-07-16 10:11:30 | INFO | M01 | Instances:         891
2026-07-16 10:11:30 | INFO | M01 | Candidate target:  survived
2026-07-16 10:11:30 | INFO | M01 | Problem type:      regression (we want to predict a number)
2026-07-16 10:11:30 | INFO | M01 | Candidate features: ['pclass', 'sex', 'age', 'sibsp', 'parch', 'fare', 'embarked', 'class', 'who', 'adult_male', 'deck', 'embark_town', 'alive', 'alone']
2026-07-16 10:11:30 | INFO | M01 | ========================
2026-07-16 10:30:25 | INFO | M01 | Median age substituted in for missing values
2026-07-16 10:30:25 | INFO | M01 | Number of missing values in column:0
2026-07-16 10:30:25 | INFO | M01 | Missing towns were filled with the most popular, Southampton
2026-07-16 10:30:25 | INFO | M01 | Number of missing values in column:0
2026-07-16 10:30:25 | INFO | M01 | Missing towns were filled with the most popular, S for Southampton
2026-07-16 10:30:25 | INFO | M01 | Number of missing values in column:0
2026-07-16 10:30:25 | INFO | M01 | Missing values by column:
survived         0
pclass           0
sex              0
age              0
sibsp            0
parch            0
fare             0
embarked         0
class            0
who              0
adult_male       0
deck           688
embark_town      0
alive            0
alone            0
family_size      0
dtype: int64
2026-07-16 10:30:25 | INFO | M01 | ========================
2026-07-16 10:30:25 | INFO | M01 | SUMMARY OF KEY FACTS
2026-07-16 10:30:25 | INFO | M01 | ========================
2026-07-16 10:30:25 | INFO | M01 | Dataset:           titanic
2026-07-16 10:30:25 | INFO | M01 | Instances:         891
2026-07-16 10:30:25 | INFO | M01 | Candidate target:  survived
2026-07-16 10:30:25 | INFO | M01 | Problem type:      regression (we want to predict a number)
2026-07-16 10:30:25 | INFO | M01 | Candidate features: ['pclass', 'sex', 'age', 'sibsp', 'parch', 'fare', 'embarked', 'class', 'who', 'adult_male', 'deck', 'embark_town', 'alive', 'alone']
2026-07-16 10:30:25 | INFO | M01 | ========================
2026-07-16 10:31:14 | INFO | M01 | === RUN START ===
2026-07-16 10:31:14 | INFO | M01 | project=M01
2026-07-16 10:31:14 | INFO | M01 | repo_dir=ml-02-features
2026-07-16 10:31:14 | INFO | M01 | python=3.14.3
2026-07-16 10:31:14 | INFO | M01 | os=Windows 11
2026-07-16 10:31:14 | INFO | M01 | shell=powershell
2026-07-16 10:31:14 | INFO | M01 | cwd=notebooks
2026-07-16 10:31:14 | INFO | M01 | github_actions=False
2026-07-16 10:31:14 | INFO | M01 | Confirming installation:
2026-07-16 10:31:14 | INFO | M01 |   python:       3.14.3
2026-07-16 10:31:14 | INFO | M01 |   pandas:       3.0.3
2026-07-16 10:31:14 | INFO | M01 |   numpy:        2.5.1
2026-07-16 10:31:14 | INFO | M01 |   scikit-learn: 1.9.0
2026-07-16 10:31:14 | INFO | M01 |   seaborn:      0.13.2
2026-07-16 10:31:14 | INFO | M01 |   matplotlib:   3.11.0
2026-07-16 10:31:14 | INFO | M01 | Loaded dataset titanic
2026-07-16 10:31:14 | INFO | M01 | Loading dataset: titanic
2026-07-16 10:31:14 | INFO | M01 | Loaded: 891 rows (instances), 15 columns (features)
2026-07-16 10:31:14 | INFO | M01 | Instances (rows): 891
2026-07-16 10:31:14 | INFO | M01 | Features (columns): 15
2026-07-16 10:31:14 | INFO | M01 | Numeric columns (regression target / numeric feature): ['survived', 'pclass', 'age', 'sibsp', 'parch', 'fare']
2026-07-16 10:31:14 | INFO | M01 | Categorical columns (classification target / category): ['sex', 'embarked', 'class', 'who', 'adult_male', 'deck', 'embark_town', 'alive', 'alone']
2026-07-16 10:31:14 | INFO | M01 | Missing values by column:
survived         0
pclass           0
sex              0
age            177
sibsp            0
parch            0
fare             0
embarked         2
class            0
who              0
adult_male       0
deck           688
embark_town      2
alive            0
alone            0
dtype: int64
2026-07-16 10:31:14 | INFO | M01 | Missing values across all columns: 869
2026-07-16 10:31:14 | DEBUG | M01 |    survived  pclass     sex   age  sibsp  parch     fare embarked  class    who  adult_male deck  embark_town alive  \
0         0       3    male  22.0      1      0   7.2500        S  Third    man        True  NaN  Southampton    no   
1         1       1  female  38.0      1      0  71.2833        C  First  woman       False    C    Cherbourg   yes   
2         1       3  female  26.0      0      0   7.9250        S  Third  woman       False  NaN  Southampton   yes   
3         1       1  female  35.0      1      0  53.1000        S  First  woman       False    C  Southampton   yes   
4         0       3    male  35.0      0      0   8.0500        S  Third    man        True  NaN  Southampton    no   

   alone  
0  False  
1  False  
2   True  
3  False  
4   True  
2026-07-16 10:31:16 | INFO | M01 | Median age substituted in for missing values
2026-07-16 10:31:16 | INFO | M01 | Number of missing values in column:0
2026-07-16 10:31:16 | INFO | M01 | Missing towns were filled with the most popular, Southampton
2026-07-16 10:31:16 | INFO | M01 | Number of missing values in column:0
2026-07-16 10:31:16 | INFO | M01 | Missing towns were filled with the most popular, S for Southampton
2026-07-16 10:31:16 | INFO | M01 | Number of missing values in column:0
2026-07-16 10:31:16 | INFO | M01 | Missing values by column:
survived         0
pclass           0
sex              0
age              0
sibsp            0
parch            0
fare             0
embarked         0
class            0
who              0
adult_male       0
deck           688
embark_town      0
alive            0
alone            0
dtype: int64
